Warning[205] C:\USERS\HP\DESKTOP\EMBEDDED PROJECT\MC2_MACHINE\UNTITLED.ASM 8 : Found directive in column 1. (ORG)
Warning[203] C:\USERS\HP\DESKTOP\EMBEDDED PROJECT\MC2_MACHINE\UNTITLED.ASM 9 : Found opcode in column 1. (GOTO)
Warning[203] C:\USERS\HP\DESKTOP\EMBEDDED PROJECT\MC2_MACHINE\UNTITLED.ASM 14 : Found opcode in column 1. (MOVLW)
Warning[203] C:\USERS\HP\DESKTOP\EMBEDDED PROJECT\MC2_MACHINE\UNTITLED.ASM 15 : Found opcode in column 1. (MOVWF)
Warning[203] C:\USERS\HP\DESKTOP\EMBEDDED PROJECT\MC2_MACHINE\UNTITLED.ASM 18 : Found opcode in column 1. (MOVLW)
Warning[203] C:\USERS\HP\DESKTOP\EMBEDDED PROJECT\MC2_MACHINE\UNTITLED.ASM 19 : Found opcode in column 1. (MOVWF)
Warning[203] C:\USERS\HP\DESKTOP\EMBEDDED PROJECT\MC2_MACHINE\UNTITLED.ASM 22 : Found opcode in column 1. (BSF)
Warning[203] C:\USERS\HP\DESKTOP\EMBEDDED PROJECT\MC2_MACHINE\UNTITLED.ASM 23 : Found opcode in column 1. (MOVLW)
Warning[203] C:\USERS\HP\DESKTOP\EMBEDDED PROJECT\MC2_MACHINE\UNTITLED.ASM 24 : Found opcode in column 1. (MOVWF)
Message[302] C:\USERS\HP\DESKTOP\EMBEDDED PROJECT\MC2_MACHINE\UNTITLED.ASM 24 : Register in operand not in bank 0.  Ensure that bank bits are correct.
Warning[203] C:\USERS\HP\DESKTOP\EMBEDDED PROJECT\MC2_MACHINE\UNTITLED.ASM 25 : Found opcode in column 1. (MOVLW)
Warning[203] C:\USERS\HP\DESKTOP\EMBEDDED PROJECT\MC2_MACHINE\UNTITLED.ASM 26 : Found opcode in column 1. (MOVWF)
Message[302] C:\USERS\HP\DESKTOP\EMBEDDED PROJECT\MC2_MACHINE\UNTITLED.ASM 26 : Register in operand not in bank 0.  Ensure that bank bits are correct.
Warning[203] C:\USERS\HP\DESKTOP\EMBEDDED PROJECT\MC2_MACHINE\UNTITLED.ASM 27 : Found opcode in column 1. (BCF)
Warning[203] C:\USERS\HP\DESKTOP\EMBEDDED PROJECT\MC2_MACHINE\UNTITLED.ASM 28 : Found opcode in column 1. (CLRF)
Warning[203] C:\USERS\HP\DESKTOP\EMBEDDED PROJECT\MC2_MACHINE\UNTITLED.ASM 29 : Found opcode in column 1. (CLRF)
Warning[203] C:\USERS\HP\DESKTOP\EMBEDDED PROJECT\MC2_MACHINE\UNTITLED.ASM 34 : Found opcode in column 1. (BTFSC)
Warning[203] C:\USERS\HP\DESKTOP\EMBEDDED PROJECT\MC2_MACHINE\UNTITLED.ASM 35 : Found opcode in column 1. (GOTO)
Warning[203] C:\USERS\HP\DESKTOP\EMBEDDED PROJECT\MC2_MACHINE\UNTITLED.ASM 37 : Found opcode in column 1. (BTFSC)
Warning[203] C:\USERS\HP\DESKTOP\EMBEDDED PROJECT\MC2_MACHINE\UNTITLED.ASM 38 : Found opcode in column 1. (GOTO)
Warning[203] C:\USERS\HP\DESKTOP\EMBEDDED PROJECT\MC2_MACHINE\UNTITLED.ASM 40 : Found opcode in column 1. (BTFSC)
Warning[203] C:\USERS\HP\DESKTOP\EMBEDDED PROJECT\MC2_MACHINE\UNTITLED.ASM 41 : Found opcode in column 1. (GOTO)
Warning[203] C:\USERS\HP\DESKTOP\EMBEDDED PROJECT\MC2_MACHINE\UNTITLED.ASM 43 : Found opcode in column 1. (BTFSC)
Warning[203] C:\USERS\HP\DESKTOP\EMBEDDED PROJECT\MC2_MACHINE\UNTITLED.ASM 44 : Found opcode in column 1. (GOTO)
Warning[203] C:\USERS\HP\DESKTOP\EMBEDDED PROJECT\MC2_MACHINE\UNTITLED.ASM 46 : Found opcode in column 1. (BTFSC)
Warning[203] C:\USERS\HP\DESKTOP\EMBEDDED PROJECT\MC2_MACHINE\UNTITLED.ASM 47 : Found opcode in column 1. (GOTO)
Warning[203] C:\USERS\HP\DESKTOP\EMBEDDED PROJECT\MC2_MACHINE\UNTITLED.ASM 49 : Found opcode in column 1. (BTFSC)
Warning[203] C:\USERS\HP\DESKTOP\EMBEDDED PROJECT\MC2_MACHINE\UNTITLED.ASM 51 : Found opcode in column 1. (GOTO)
Warning[203] C:\USERS\HP\DESKTOP\EMBEDDED PROJECT\MC2_MACHINE\UNTITLED.ASM 53 : Found opcode in column 1. (GOTO)
Warning[203] C:\USERS\HP\DESKTOP\EMBEDDED PROJECT\MC2_MACHINE\UNTITLED.ASM 58 : Found opcode in column 1. (BTFSC)
Warning[203] C:\USERS\HP\DESKTOP\EMBEDDED PROJECT\MC2_MACHINE\UNTITLED.ASM 59 : Found opcode in column 1. (GOTO)
Warning[203] C:\USERS\HP\DESKTOP\EMBEDDED PROJECT\MC2_MACHINE\UNTITLED.ASM 60 : Found opcode in column 1. (MOVLW)
Warning[203] C:\USERS\HP\DESKTOP\EMBEDDED PROJECT\MC2_MACHINE\UNTITLED.ASM 61 : Found opcode in column 1. (MOVWF)
Warning[203] C:\USERS\HP\DESKTOP\EMBEDDED PROJECT\MC2_MACHINE\UNTITLED.ASM 62 : Found opcode in column 1. (CALL)
Warning[203] C:\USERS\HP\DESKTOP\EMBEDDED PROJECT\MC2_MACHINE\UNTITLED.ASM 63 : Found opcode in column 1. (MOVLW)
Warning[203] C:\USERS\HP\DESKTOP\EMBEDDED PROJECT\MC2_MACHINE\UNTITLED.ASM 64 : Found opcode in column 1. (MOVWF)
Warning[203] C:\USERS\HP\DESKTOP\EMBEDDED PROJECT\MC2_MACHINE\UNTITLED.ASM 105 : Found opcode in column 1. (GOTO)
Warning[203] C:\USERS\HP\DESKTOP\EMBEDDED PROJECT\MC2_MACHINE\UNTITLED.ASM 110 : Found opcode in column 1. (BTFSC)
Warning[203] C:\USERS\HP\DESKTOP\EMBEDDED PROJECT\MC2_MACHINE\UNTITLED.ASM 111 : Found opcode in column 1. (GOTO)
Warning[203] C:\USERS\HP\DESKTOP\EMBEDDED PROJECT\MC2_MACHINE\UNTITLED.ASM 112 : Found opcode in column 1. (MOVLW)
Warning[203] C:\USERS\HP\DESKTOP\EMBEDDED PROJECT\MC2_MACHINE\UNTITLED.ASM 113 : Found opcode in column 1. (MOVWF)
Warning[203] C:\USERS\HP\DESKTOP\EMBEDDED PROJECT\MC2_MACHINE\UNTITLED.ASM 114 : Found opcode in column 1. (CALL)
Warning[203] C:\USERS\HP\DESKTOP\EMBEDDED PROJECT\MC2_MACHINE\UNTITLED.ASM 115 : Found opcode in column 1. (MOVLW)
Warning[203] C:\USERS\HP\DESKTOP\EMBEDDED PROJECT\MC2_MACHINE\UNTITLED.ASM 116 : Found opcode in column 1. (MOVWF)
Warning[203] C:\USERS\HP\DESKTOP\EMBEDDED PROJECT\MC2_MACHINE\UNTITLED.ASM 152 : Found opcode in column 1. (GOTO)
Warning[203] C:\USERS\HP\DESKTOP\EMBEDDED PROJECT\MC2_MACHINE\UNTITLED.ASM 158 : Found opcode in column 1. (BTFSC)
Warning[203] C:\USERS\HP\DESKTOP\EMBEDDED PROJECT\MC2_MACHINE\UNTITLED.ASM 159 : Found opcode in column 1. (GOTO)
Warning[203] C:\USERS\HP\DESKTOP\EMBEDDED PROJECT\MC2_MACHINE\UNTITLED.ASM 160 : Found opcode in column 1. (MOVLW)
Warning[203] C:\USERS\HP\DESKTOP\EMBEDDED PROJECT\MC2_MACHINE\UNTITLED.ASM 161 : Found opcode in column 1. (MOVWF)
Warning[203] C:\USERS\HP\DESKTOP\EMBEDDED PROJECT\MC2_MACHINE\UNTITLED.ASM 162 : Found opcode in column 1. (CALL)
Warning[203] C:\USERS\HP\DESKTOP\EMBEDDED PROJECT\MC2_MACHINE\UNTITLED.ASM 163 : Found opcode in column 1. (MOVLW)
Warning[203] C:\USERS\HP\DESKTOP\EMBEDDED PROJECT\MC2_MACHINE\UNTITLED.ASM 164 : Found opcode in column 1. (MOVWF)
Warning[203] C:\USERS\HP\DESKTOP\EMBEDDED PROJECT\MC2_MACHINE\UNTITLED.ASM 199 : Found opcode in column 1. (GOTO)
Warning[203] C:\USERS\HP\DESKTOP\EMBEDDED PROJECT\MC2_MACHINE\UNTITLED.ASM 204 : Found opcode in column 1. (BTFSC)
Warning[203] C:\USERS\HP\DESKTOP\EMBEDDED PROJECT\MC2_MACHINE\UNTITLED.ASM 205 : Found opcode in column 1. (GOTO)
Warning[203] C:\USERS\HP\DESKTOP\EMBEDDED PROJECT\MC2_MACHINE\UNTITLED.ASM 206 : Found opcode in column 1. (MOVLW)
Warning[203] C:\USERS\HP\DESKTOP\EMBEDDED PROJECT\MC2_MACHINE\UNTITLED.ASM 207 : Found opcode in column 1. (MOVWF)
Warning[203] C:\USERS\HP\DESKTOP\EMBEDDED PROJECT\MC2_MACHINE\UNTITLED.ASM 208 : Found opcode in column 1. (CALL)
Warning[203] C:\USERS\HP\DESKTOP\EMBEDDED PROJECT\MC2_MACHINE\UNTITLED.ASM 209 : Found opcode in column 1. (MOVLW)
Warning[203] C:\USERS\HP\DESKTOP\EMBEDDED PROJECT\MC2_MACHINE\UNTITLED.ASM 210 : Found opcode in column 1. (MOVWF)
Warning[203] C:\USERS\HP\DESKTOP\EMBEDDED PROJECT\MC2_MACHINE\UNTITLED.ASM 246 : Found opcode in column 1. (GOTO)
Warning[203] C:\USERS\HP\DESKTOP\EMBEDDED PROJECT\MC2_MACHINE\UNTITLED.ASM 251 : Found opcode in column 1. (BTFSC)
Warning[203] C:\USERS\HP\DESKTOP\EMBEDDED PROJECT\MC2_MACHINE\UNTITLED.ASM 252 : Found opcode in column 1. (GOTO)
Warning[203] C:\USERS\HP\DESKTOP\EMBEDDED PROJECT\MC2_MACHINE\UNTITLED.ASM 253 : Found opcode in column 1. (MOVLW)
Warning[203] C:\USERS\HP\DESKTOP\EMBEDDED PROJECT\MC2_MACHINE\UNTITLED.ASM 254 : Found opcode in column 1. (ADDWF)
Warning[203] C:\USERS\HP\DESKTOP\EMBEDDED PROJECT\MC2_MACHINE\UNTITLED.ASM 256 : Found opcode in column 1. (GOTO)
Warning[203] C:\USERS\HP\DESKTOP\EMBEDDED PROJECT\MC2_MACHINE\UNTITLED.ASM 259 : Found opcode in column 1. (MOVLW)
Warning[203] C:\USERS\HP\DESKTOP\EMBEDDED PROJECT\MC2_MACHINE\UNTITLED.ASM 260 : Found opcode in column 1. (SUBWF)
Warning[203] C:\USERS\HP\DESKTOP\EMBEDDED PROJECT\MC2_MACHINE\UNTITLED.ASM 261 : Found opcode in column 1. (BTFSS)
Warning[203] C:\USERS\HP\DESKTOP\EMBEDDED PROJECT\MC2_MACHINE\UNTITLED.ASM 262 : Found opcode in column 1. (GOTO)
Warning[203] C:\USERS\HP\DESKTOP\EMBEDDED PROJECT\MC2_MACHINE\UNTITLED.ASM 263 : Found opcode in column 1. (BSF)
Warning[203] C:\USERS\HP\DESKTOP\EMBEDDED PROJECT\MC2_MACHINE\UNTITLED.ASM 264 : Found opcode in column 1. (BSF)
Warning[203] C:\USERS\HP\DESKTOP\EMBEDDED PROJECT\MC2_MACHINE\UNTITLED.ASM 265 : Found opcode in column 1. (BSF)
Warning[203] C:\USERS\HP\DESKTOP\EMBEDDED PROJECT\MC2_MACHINE\UNTITLED.ASM 266 : Found opcode in column 1. (BSF)
Warning[203] C:\USERS\HP\DESKTOP\EMBEDDED PROJECT\MC2_MACHINE\UNTITLED.ASM 267 : Found opcode in column 1. (CALL)
Warning[203] C:\USERS\HP\DESKTOP\EMBEDDED PROJECT\MC2_MACHINE\UNTITLED.ASM 268 : Found opcode in column 1. (CALL)
Warning[203] C:\USERS\HP\DESKTOP\EMBEDDED PROJECT\MC2_MACHINE\UNTITLED.ASM 269 : Found opcode in column 1. (CALL)
Warning[203] C:\USERS\HP\DESKTOP\EMBEDDED PROJECT\MC2_MACHINE\UNTITLED.ASM 270 : Found opcode in column 1. (CALL)
Warning[203] C:\USERS\HP\DESKTOP\EMBEDDED PROJECT\MC2_MACHINE\UNTITLED.ASM 271 : Found opcode in column 1. (BCF)
Warning[203] C:\USERS\HP\DESKTOP\EMBEDDED PROJECT\MC2_MACHINE\UNTITLED.ASM 272 : Found opcode in column 1. (BCF)
Warning[203] C:\USERS\HP\DESKTOP\EMBEDDED PROJECT\MC2_MACHINE\UNTITLED.ASM 273 : Found opcode in column 1. (BCF)
Warning[203] C:\USERS\HP\DESKTOP\EMBEDDED PROJECT\MC2_MACHINE\UNTITLED.ASM 274 : Found opcode in column 1. (BCF)
Warning[203] C:\USERS\HP\DESKTOP\EMBEDDED PROJECT\MC2_MACHINE\UNTITLED.ASM 275 : Found opcode in column 1. (GOTO)
Warning[203] C:\USERS\HP\DESKTOP\EMBEDDED PROJECT\MC2_MACHINE\UNTITLED.ASM 277 : Found opcode in column 1. (BTFSC)
Warning[203] C:\USERS\HP\DESKTOP\EMBEDDED PROJECT\MC2_MACHINE\UNTITLED.ASM 278 : Found opcode in column 1. (BSF)
Warning[203] C:\USERS\HP\DESKTOP\EMBEDDED PROJECT\MC2_MACHINE\UNTITLED.ASM 279 : Found opcode in column 1. (BTFSC)
Warning[203] C:\USERS\HP\DESKTOP\EMBEDDED PROJECT\MC2_MACHINE\UNTITLED.ASM 280 : Found opcode in column 1. (BSF)
Warning[203] C:\USERS\HP\DESKTOP\EMBEDDED PROJECT\MC2_MACHINE\UNTITLED.ASM 281 : Found opcode in column 1. (BTFSC)
Warning[203] C:\USERS\HP\DESKTOP\EMBEDDED PROJECT\MC2_MACHINE\UNTITLED.ASM 282 : Found opcode in column 1. (BSF)
Warning[203] C:\USERS\HP\DESKTOP\EMBEDDED PROJECT\MC2_MACHINE\UNTITLED.ASM 283 : Found opcode in column 1. (BTFSC)
Warning[203] C:\USERS\HP\DESKTOP\EMBEDDED PROJECT\MC2_MACHINE\UNTITLED.ASM 284 : Found opcode in column 1. (BSF)
Warning[203] C:\USERS\HP\DESKTOP\EMBEDDED PROJECT\MC2_MACHINE\UNTITLED.ASM 285 : Found opcode in column 1. (CALL)
Warning[203] C:\USERS\HP\DESKTOP\EMBEDDED PROJECT\MC2_MACHINE\UNTITLED.ASM 286 : Found opcode in column 1. (CALL)
Warning[203] C:\USERS\HP\DESKTOP\EMBEDDED PROJECT\MC2_MACHINE\UNTITLED.ASM 287 : Found opcode in column 1. (CALL)
Warning[203] C:\USERS\HP\DESKTOP\EMBEDDED PROJECT\MC2_MACHINE\UNTITLED.ASM 288 : Found opcode in column 1. (CALL)
Warning[203] C:\USERS\HP\DESKTOP\EMBEDDED PROJECT\MC2_MACHINE\UNTITLED.ASM 289 : Found opcode in column 1. (CLRF)
Warning[203] C:\USERS\HP\DESKTOP\EMBEDDED PROJECT\MC2_MACHINE\UNTITLED.ASM 290 : Found opcode in column 1. (CLRF)
Warning[203] C:\USERS\HP\DESKTOP\EMBEDDED PROJECT\MC2_MACHINE\UNTITLED.ASM 292 : Found opcode in column 1. (GOTO)
Warning[203] C:\USERS\HP\DESKTOP\EMBEDDED PROJECT\MC2_MACHINE\UNTITLED.ASM 295 : Found opcode in column 1. (MOVF)
Warning[203] C:\USERS\HP\DESKTOP\EMBEDDED PROJECT\MC2_MACHINE\UNTITLED.ASM 296 : Found opcode in column 1. (SUBWF)
Warning[203] C:\USERS\HP\DESKTOP\EMBEDDED PROJECT\MC2_MACHINE\UNTITLED.ASM 297 : Found opcode in column 1. (BTFSS)
Warning[203] C:\USERS\HP\DESKTOP\EMBEDDED PROJECT\MC2_MACHINE\UNTITLED.ASM 298 : Found opcode in column 1. (GOTO)
Warning[203] C:\USERS\HP\DESKTOP\EMBEDDED PROJECT\MC2_MACHINE\UNTITLED.ASM 299 : Found opcode in column 1. (MOVWF)
Warning[203] C:\USERS\HP\DESKTOP\EMBEDDED PROJECT\MC2_MACHINE\UNTITLED.ASM 301 : Found opcode in column 1. (RETURN)
Warning[203] C:\USERS\HP\DESKTOP\EMBEDDED PROJECT\MC2_MACHINE\UNTITLED.ASM 305 : Found opcode in column 1. (BSF)
Warning[203] C:\USERS\HP\DESKTOP\EMBEDDED PROJECT\MC2_MACHINE\UNTITLED.ASM 306 : Found opcode in column 1. (BSF)
Warning[203] C:\USERS\HP\DESKTOP\EMBEDDED PROJECT\MC2_MACHINE\UNTITLED.ASM 307 : Found opcode in column 1. (BSF)
Warning[203] C:\USERS\HP\DESKTOP\EMBEDDED PROJECT\MC2_MACHINE\UNTITLED.ASM 308 : Found opcode in column 1. (BSF)
Warning[203] C:\USERS\HP\DESKTOP\EMBEDDED PROJECT\MC2_MACHINE\UNTITLED.ASM 309 : Found opcode in column 1. (CALL)
Warning[203] C:\USERS\HP\DESKTOP\EMBEDDED PROJECT\MC2_MACHINE\UNTITLED.ASM 310 : Found opcode in column 1. (BCF)
Warning[203] C:\USERS\HP\DESKTOP\EMBEDDED PROJECT\MC2_MACHINE\UNTITLED.ASM 311 : Found opcode in column 1. (BCF)
Warning[203] C:\USERS\HP\DESKTOP\EMBEDDED PROJECT\MC2_MACHINE\UNTITLED.ASM 312 : Found opcode in column 1. (BCF)
Warning[203] C:\USERS\HP\DESKTOP\EMBEDDED PROJECT\MC2_MACHINE\UNTITLED.ASM 313 : Found opcode in column 1. (BCF)
Warning[203] C:\USERS\HP\DESKTOP\EMBEDDED PROJECT\MC2_MACHINE\UNTITLED.ASM 314 : Found opcode in column 1. (CALL)
Warning[203] C:\USERS\HP\DESKTOP\EMBEDDED PROJECT\MC2_MACHINE\UNTITLED.ASM 315 : Found opcode in column 1. (BSF)
Warning[203] C:\USERS\HP\DESKTOP\EMBEDDED PROJECT\MC2_MACHINE\UNTITLED.ASM 316 : Found opcode in column 1. (BSF)
Warning[203] C:\USERS\HP\DESKTOP\EMBEDDED PROJECT\MC2_MACHINE\UNTITLED.ASM 317 : Found opcode in column 1. (BSF)
Warning[203] C:\USERS\HP\DESKTOP\EMBEDDED PROJECT\MC2_MACHINE\UNTITLED.ASM 318 : Found opcode in column 1. (BSF)
Warning[203] C:\USERS\HP\DESKTOP\EMBEDDED PROJECT\MC2_MACHINE\UNTITLED.ASM 319 : Found opcode in column 1. (CALL)
Warning[203] C:\USERS\HP\DESKTOP\EMBEDDED PROJECT\MC2_MACHINE\UNTITLED.ASM 320 : Found opcode in column 1. (CLRF)
Warning[203] C:\USERS\HP\DESKTOP\EMBEDDED PROJECT\MC2_MACHINE\UNTITLED.ASM 321 : Found opcode in column 1. (CLRF)
Warning[203] C:\USERS\HP\DESKTOP\EMBEDDED PROJECT\MC2_MACHINE\UNTITLED.ASM 324 : Found opcode in column 1. (GOTO)
Warning[203] C:\USERS\HP\DESKTOP\EMBEDDED PROJECT\MC2_MACHINE\UNTITLED.ASM 327 : Found opcode in column 1. (movlw)
Warning[203] C:\USERS\HP\DESKTOP\EMBEDDED PROJECT\MC2_MACHINE\UNTITLED.ASM 328 : Found opcode in column 1. (movwf)
Warning[203] C:\USERS\HP\DESKTOP\EMBEDDED PROJECT\MC2_MACHINE\UNTITLED.ASM 329 : Found opcode in column 1. (movlw)
Warning[203] C:\USERS\HP\DESKTOP\EMBEDDED PROJECT\MC2_MACHINE\UNTITLED.ASM 330 : Found opcode in column 1. (movwf)
Warning[203] C:\USERS\HP\DESKTOP\EMBEDDED PROJECT\MC2_MACHINE\UNTITLED.ASM 332 : Found opcode in column 1. (nop)
Warning[203] C:\USERS\HP\DESKTOP\EMBEDDED PROJECT\MC2_MACHINE\UNTITLED.ASM 333 : Found opcode in column 1. (nop)
Warning[203] C:\USERS\HP\DESKTOP\EMBEDDED PROJECT\MC2_MACHINE\UNTITLED.ASM 334 : Found opcode in column 1. (nop)
Warning[203] C:\USERS\HP\DESKTOP\EMBEDDED PROJECT\MC2_MACHINE\UNTITLED.ASM 335 : Found opcode in column 1. (nop)
Warning[203] C:\USERS\HP\DESKTOP\EMBEDDED PROJECT\MC2_MACHINE\UNTITLED.ASM 336 : Found opcode in column 1. (nop)
Warning[203] C:\USERS\HP\DESKTOP\EMBEDDED PROJECT\MC2_MACHINE\UNTITLED.ASM 337 : Found opcode in column 1. (decfsz)
Warning[203] C:\USERS\HP\DESKTOP\EMBEDDED PROJECT\MC2_MACHINE\UNTITLED.ASM 338 : Found opcode in column 1. (goto)
Warning[203] C:\USERS\HP\DESKTOP\EMBEDDED PROJECT\MC2_MACHINE\UNTITLED.ASM 339 : Found opcode in column 1. (decfsz)
Warning[203] C:\USERS\HP\DESKTOP\EMBEDDED PROJECT\MC2_MACHINE\UNTITLED.ASM 340 : Found opcode in column 1. (goto)
Warning[203] C:\USERS\HP\DESKTOP\EMBEDDED PROJECT\MC2_MACHINE\UNTITLED.ASM 342 : Found opcode in column 1. (return)
Warning[203] C:\USERS\HP\DESKTOP\EMBEDDED PROJECT\MC2_MACHINE\UNTITLED.ASM 346 : Found opcode in column 1. (movlw)
Warning[203] C:\USERS\HP\DESKTOP\EMBEDDED PROJECT\MC2_MACHINE\UNTITLED.ASM 347 : Found opcode in column 1. (movwf)
Warning[203] C:\USERS\HP\DESKTOP\EMBEDDED PROJECT\MC2_MACHINE\UNTITLED.ASM 349 : Found opcode in column 1. (nop)
Warning[203] C:\USERS\HP\DESKTOP\EMBEDDED PROJECT\MC2_MACHINE\UNTITLED.ASM 350 : Found opcode in column 1. (nop)
Warning[203] C:\USERS\HP\DESKTOP\EMBEDDED PROJECT\MC2_MACHINE\UNTITLED.ASM 351 : Found opcode in column 1. (nop)
Warning[203] C:\USERS\HP\DESKTOP\EMBEDDED PROJECT\MC2_MACHINE\UNTITLED.ASM 352 : Found opcode in column 1. (nop)
Warning[203] C:\USERS\HP\DESKTOP\EMBEDDED PROJECT\MC2_MACHINE\UNTITLED.ASM 353 : Found opcode in column 1. (nop)
Warning[203] C:\USERS\HP\DESKTOP\EMBEDDED PROJECT\MC2_MACHINE\UNTITLED.ASM 354 : Found opcode in column 1. (decfsz)
Warning[203] C:\USERS\HP\DESKTOP\EMBEDDED PROJECT\MC2_MACHINE\UNTITLED.ASM 355 : Found opcode in column 1. (goto)
Warning[203] C:\USERS\HP\DESKTOP\EMBEDDED PROJECT\MC2_MACHINE\UNTITLED.ASM 357 : Found opcode in column 1. (return)
Warning[205] C:\USERS\HP\DESKTOP\EMBEDDED PROJECT\MC2_MACHINE\UNTITLED.ASM 362 : Found directive in column 1. (END)
