Warning[205] C:\USERS\HP\DESKTOP\EMBEDDED PROJECT\MC1_USER\MC1_USER.ASM 4 : Found directive in column 1. (ORG)
Warning[203] C:\USERS\HP\DESKTOP\EMBEDDED PROJECT\MC1_USER\MC1_USER.ASM 5 : Found opcode in column 1. (GOTO)
Warning[203] C:\USERS\HP\DESKTOP\EMBEDDED PROJECT\MC1_USER\MC1_USER.ASM 8 : Found opcode in column 1. (BSF)
Warning[203] C:\USERS\HP\DESKTOP\EMBEDDED PROJECT\MC1_USER\MC1_USER.ASM 10 : Found opcode in column 1. (MOVLW)
Warning[203] C:\USERS\HP\DESKTOP\EMBEDDED PROJECT\MC1_USER\MC1_USER.ASM 11 : Found opcode in column 1. (MOVWF)
Message[302] C:\USERS\HP\DESKTOP\EMBEDDED PROJECT\MC1_USER\MC1_USER.ASM 11 : Register in operand not in bank 0.  Ensure that bank bits are correct.
Warning[203] C:\USERS\HP\DESKTOP\EMBEDDED PROJECT\MC1_USER\MC1_USER.ASM 12 : Found opcode in column 1. (MOVLW)
Warning[203] C:\USERS\HP\DESKTOP\EMBEDDED PROJECT\MC1_USER\MC1_USER.ASM 13 : Found opcode in column 1. (MOVWF)
Message[302] C:\USERS\HP\DESKTOP\EMBEDDED PROJECT\MC1_USER\MC1_USER.ASM 13 : Register in operand not in bank 0.  Ensure that bank bits are correct.
Warning[203] C:\USERS\HP\DESKTOP\EMBEDDED PROJECT\MC1_USER\MC1_USER.ASM 14 : Found opcode in column 1. (BCF)
Warning[203] C:\USERS\HP\DESKTOP\EMBEDDED PROJECT\MC1_USER\MC1_USER.ASM 15 : Found opcode in column 1. (CLRF)
Warning[203] C:\USERS\HP\DESKTOP\EMBEDDED PROJECT\MC1_USER\MC1_USER.ASM 16 : Found opcode in column 1. (CLRF)
Warning[203] C:\USERS\HP\DESKTOP\EMBEDDED PROJECT\MC1_USER\MC1_USER.ASM 21 : Found opcode in column 1. (BTFSC)
Warning[203] C:\USERS\HP\DESKTOP\EMBEDDED PROJECT\MC1_USER\MC1_USER.ASM 22 : Found opcode in column 1. (GOTO)
Warning[203] C:\USERS\HP\DESKTOP\EMBEDDED PROJECT\MC1_USER\MC1_USER.ASM 23 : Found opcode in column 1. (BTFSC)
Warning[203] C:\USERS\HP\DESKTOP\EMBEDDED PROJECT\MC1_USER\MC1_USER.ASM 24 : Found opcode in column 1. (GOTO)
Warning[203] C:\USERS\HP\DESKTOP\EMBEDDED PROJECT\MC1_USER\MC1_USER.ASM 25 : Found opcode in column 1. (BTFSC)
Warning[203] C:\USERS\HP\DESKTOP\EMBEDDED PROJECT\MC1_USER\MC1_USER.ASM 26 : Found opcode in column 1. (GOTO)
Warning[203] C:\USERS\HP\DESKTOP\EMBEDDED PROJECT\MC1_USER\MC1_USER.ASM 27 : Found opcode in column 1. (BTFSC)
Warning[203] C:\USERS\HP\DESKTOP\EMBEDDED PROJECT\MC1_USER\MC1_USER.ASM 28 : Found opcode in column 1. (GOTO)
Warning[203] C:\USERS\HP\DESKTOP\EMBEDDED PROJECT\MC1_USER\MC1_USER.ASM 29 : Found opcode in column 1. (BTFSC)
Warning[203] C:\USERS\HP\DESKTOP\EMBEDDED PROJECT\MC1_USER\MC1_USER.ASM 30 : Found opcode in column 1. (GOTO)
Warning[203] C:\USERS\HP\DESKTOP\EMBEDDED PROJECT\MC1_USER\MC1_USER.ASM 31 : Found opcode in column 1. (BTFSC)
Warning[203] C:\USERS\HP\DESKTOP\EMBEDDED PROJECT\MC1_USER\MC1_USER.ASM 32 : Found opcode in column 1. (GOTO)
Warning[203] C:\USERS\HP\DESKTOP\EMBEDDED PROJECT\MC1_USER\MC1_USER.ASM 33 : Found opcode in column 1. (GOTO)
Warning[203] C:\USERS\HP\DESKTOP\EMBEDDED PROJECT\MC1_USER\MC1_USER.ASM 39 : Found opcode in column 1. (BSF)
Warning[203] C:\USERS\HP\DESKTOP\EMBEDDED PROJECT\MC1_USER\MC1_USER.ASM 41 : Found opcode in column 1. (GOTO)
Warning[203] C:\USERS\HP\DESKTOP\EMBEDDED PROJECT\MC1_USER\MC1_USER.ASM 45 : Found opcode in column 1. (BSF)
Warning[203] C:\USERS\HP\DESKTOP\EMBEDDED PROJECT\MC1_USER\MC1_USER.ASM 47 : Found opcode in column 1. (GOTO)
Warning[203] C:\USERS\HP\DESKTOP\EMBEDDED PROJECT\MC1_USER\MC1_USER.ASM 51 : Found opcode in column 1. (BSF)
Warning[203] C:\USERS\HP\DESKTOP\EMBEDDED PROJECT\MC1_USER\MC1_USER.ASM 53 : Found opcode in column 1. (GOTO)
Warning[203] C:\USERS\HP\DESKTOP\EMBEDDED PROJECT\MC1_USER\MC1_USER.ASM 57 : Found opcode in column 1. (BSF)
Warning[203] C:\USERS\HP\DESKTOP\EMBEDDED PROJECT\MC1_USER\MC1_USER.ASM 59 : Found opcode in column 1. (GOTO)
Warning[203] C:\USERS\HP\DESKTOP\EMBEDDED PROJECT\MC1_USER\MC1_USER.ASM 63 : Found opcode in column 1. (BSF)
Warning[203] C:\USERS\HP\DESKTOP\EMBEDDED PROJECT\MC1_USER\MC1_USER.ASM 65 : Found opcode in column 1. (GOTO)
Warning[203] C:\USERS\HP\DESKTOP\EMBEDDED PROJECT\MC1_USER\MC1_USER.ASM 68 : Found opcode in column 1. (BSF)
Warning[203] C:\USERS\HP\DESKTOP\EMBEDDED PROJECT\MC1_USER\MC1_USER.ASM 70 : Found opcode in column 1. (GOTO)
Warning[205] C:\USERS\HP\DESKTOP\EMBEDDED PROJECT\MC1_USER\MC1_USER.ASM 72 : Found directive in column 1. (END)
